

Started POST "/compile_documents/3" for 127.0.0.1 at 2011-08-29 16:06:51 -0400
  Processing by SitesController#compile_documents as HTML
  Parameters: {"utf8"=>"✓", "authenticity_token"=>"Hv/xkcLE0TWwdaU5T9cgomqJEQ8rGir7C7HqqP6krbk=", "commit"=>"Compile Documents", "id"=>"3"}
  [1m[35mSite Load (0.3ms)[0m  SELECT `sites`.* FROM `sites` WHERE `sites`.`id` = 3 LIMIT 1
  [1m[36mElementType Load (0.3ms)[0m  [1mSELECT `element_types`.* FROM `element_types` WHERE `element_types`.`site_id` = 3[0m
  [1m[35mCACHE (0.0ms)[0m  SELECT `documents`.* FROM `documents` WHERE `documents`.`site_id` = 3
Content: Province LIST1,<ul><li>Deeply penetrates the wood.*</li><li>Offers more durable protection.*</li><li>Water-repellent?*</li><li>Provides excellent colour retention</li><li>All products meet Canadian VOC requirements</li></ul>,1-Stain
Content: Province LIST1,<ul><li>Deeply penetrates the wood</li><li>Offers more durable protection</li><li>Water-repellent </li><li>Provides excellent colour retention</li><li>All products meet Canadian VOC requirements</li></ul>,2-Stain
Content: Province LIST1,<ul><li>Deeply penetrates the wood</li><li>Offers more durable protection</li><li>Water-repellent </li><li>Provides excellent colour retention</li><li>All products meet Canadian VOC requirements</li></ul>,3-Stain
Content: Province LIST1,<ul><li>Deeply penetrates the wood</li><li>Offers more durable protection</li><li>Water-repellent </li><li>Provides excellent colour retention</li><li>All products meet Canadian VOC requirements</li></ul>,4-Stain
Content: Province FR LIST1,<ul><li>Pénètrent profondément dans le bois</li><li>Offrent une protection plus durable</li><li>Hydrofuge</li><li>Assurent une excellente rétention de la couleur</li><li>Rencontrent les exigences COV canadiennes</li></ul>,1-Stain
  [1m[36m (0.2ms)[0m  [1mBEGIN[0m
  [1m[35m (0.5ms)[0m  SELECT COUNT(*) FROM `element_types` WHERE (site_id = 3 AND name = 'Province HEAD1')
  [1m[36mSQL (0.3ms)[0m  [1mINSERT INTO `element_types` (`created_at`, `name`, `site_id`, `updated_at`) VALUES ('2011-08-29 20:06:51', 'Province HEAD1', 3, '2011-08-29 20:06:51')[0m
  [1m[35mSQL (0.3ms)[0m  INSERT INTO `elements` (`content`, `created_at`, `element_type_id`, `note`, `updated_at`) VALUES ('The perfect stain for your exterior project in [Province]', '2011-08-29 20:06:51', 1811, '1-Stain', '2011-08-29 20:06:51')
  [1m[36mSQL (0.2ms)[0m  [1mINSERT INTO `elements` (`content`, `created_at`, `element_type_id`, `note`, `updated_at`) VALUES ('An excellent stain for the professional touch in [Province]', '2011-08-29 20:06:51', 1811, '2-Stain', '2011-08-29 20:06:51')[0m
  [1m[35mSQL (0.2ms)[0m  INSERT INTO `elements` (`content`, `created_at`, `element_type_id`, `note`, `updated_at`) VALUES ('Outstanding stains for versatile applications in [Province]', '2011-08-29 20:06:51', 1811, '3-Stain', '2011-08-29 20:06:51')
  [1m[36m (0.6ms)[0m  [1mCOMMIT[0m
  [1m[35m (0.1ms)[0m  BEGIN
  [1m[36m (0.3ms)[0m  [1mSELECT COUNT(*) FROM `element_types` WHERE (site_id = 3 AND name = 'Province BODY1 S1')[0m
  [1m[35mSQL (0.2ms)[0m  INSERT INTO `element_types` (`created_at`, `name`, `site_id`, `updated_at`) VALUES ('2011-08-29 20:06:51', 'Province BODY1 S1', 3, '2011-08-29 20:06:51')
  [1m[36mSQL (0.2ms)[0m  [1mINSERT INTO `elements` (`content`, `created_at`, `element_type_id`, `note`, `updated_at`) VALUES ('Nothing enriches the beauty of an outdoor building project like stain from your local Sikkens dealer in [Province].', '2011-08-29 20:06:51', 1812, '1-Stain', '2011-08-29 20:06:51')[0m
  [1m[35mSQL (0.2ms)[0m  INSERT INTO `elements` (`content`, `created_at`, `element_type_id`, `note`, `updated_at`) VALUES ('Make every exterior project superior and special with Sikkens stains from your closest authorized dealer in [Province].', '2011-08-29 20:06:51', 1812, '2-Stain', '2011-08-29 20:06:51')
  [1m[36mSQL (0.1ms)[0m  [1mINSERT INTO `elements` (`content`, `created_at`, `element_type_id`, `note`, `updated_at`) VALUES ('Create an outstanding appeal for any outdoor paint project with market-proven stains from the Sikkens dealership nearest to you in [Province].', '2011-08-29 20:06:51', 1812, '3-Stain', '2011-08-29 20:06:51')[0m
  [1m[35mSQL (0.2ms)[0m  INSERT INTO `elements` (`content`, `created_at`, `element_type_id`, `note`, `updated_at`) VALUES ('Nothing finishes a project like gorgeous, high quality stain from your local Sikkens dealer in [province].', '2011-08-29 20:06:51', 1812, '4-Stain', '2011-08-29 20:06:51')
  [1m[36m (0.5ms)[0m  [1mCOMMIT[0m
  [1m[35m (0.1ms)[0m  BEGIN
  [1m[36m (0.3ms)[0m  [1mSELECT COUNT(*) FROM `element_types` WHERE (site_id = 3 AND name = 'Province BODY1 S2')[0m
  [1m[35mSQL (0.2ms)[0m  INSERT INTO `element_types` (`created_at`, `name`, `site_id`, `updated_at`) VALUES ('2011-08-29 20:06:51', 'Province BODY1 S2', 3, '2011-08-29 20:06:51')
  [1m[36mSQL (0.2ms)[0m  [1mINSERT INTO `elements` (`content`, `created_at`, `element_type_id`, `note`, `updated_at`) VALUES ('Bring decks to life, add beauty and depth to siding and fences or give doors and windows just the right pop of natural colour.', '2011-08-29 20:06:51', 1813, '1-Stain', '2011-08-29 20:06:51')[0m
  [1m[35mSQL (0.1ms)[0m  INSERT INTO `elements` (`content`, `created_at`, `element_type_id`, `note`, `updated_at`) VALUES ('Now you can give the premium touch-up to decks, superior results to sidings and fences and the perfect finish for doors and windows.', '2011-08-29 20:06:51', 1813, '2-Stain', '2011-08-29 20:06:51')
  [1m[36mSQL (0.2ms)[0m  [1mINSERT INTO `elements` (`content`, `created_at`, `element_type_id`, `note`, `updated_at`) VALUES ('With their easy application and exceptional touch, Sikkens stains make your decks, sidings, fences, doors and windows second to none.', '2011-08-29 20:06:51', 1813, '3-Stain', '2011-08-29 20:06:51')[0m
  [1m[35mSQL (0.1ms)[0m  INSERT INTO `elements` (`content`, `created_at`, `element_type_id`, `note`, `updated_at`) VALUES ('Whether you&rsquo;re staining a deck, fence, siding, or windows and doors, Sikkens provides you with an extensive variety of stains guaranteed to bring any project to life.', '2011-08-29 20:06:51', 1813, '4-Stain', '2011-08-29 20:06:51')
  [1m[36m (0.5ms)[0m  [1mCOMMIT[0m
  [1m[35m (0.1ms)[0m  BEGIN
  [1m[36m (0.4ms)[0m  [1mSELECT COUNT(*) FROM `element_types` WHERE (site_id = 3 AND name = 'Province BODY1 S3')[0m
  [1m[35mSQL (0.3ms)[0m  INSERT INTO `element_types` (`created_at`, `name`, `site_id`, `updated_at`) VALUES ('2011-08-29 20:06:51', 'Province BODY1 S3', 3, '2011-08-29 20:06:51')
  [1m[36mSQL (0.2ms)[0m  [1mINSERT INTO `elements` (`content`, `created_at`, `element_type_id`, `note`, `updated_at`) VALUES ('As the professional&rsquo;s and the homeowner&rsquo;s most relied upon [stain], you can trust Sikkens for innovative, high-performance products to suite any project and environment.', '2011-08-29 20:06:51', 1814, '1-Stain', '2011-08-29 20:06:51')[0m
  [1m[35mSQL (0.2ms)[0m  INSERT INTO `elements` (`content`, `created_at`, `element_type_id`, `note`, `updated_at`) VALUES ('That\'s the reason, everyone from professional painters to residence owners depend on the excellent range of top-quality stains from Sikkens to refinish all kinds of projects whatever the environment.', '2011-08-29 20:06:51', 1814, '2-Stain', '2011-08-29 20:06:51')
  [1m[36mSQL (0.2ms)[0m  [1mINSERT INTO `elements` (`content`, `created_at`, `element_type_id`, `note`, `updated_at`) VALUES ('It\'s no surprise why Sikkens stains continue to be trusted by professional and domestic users to enhance the appearance of their versatile projects in every environment possible.', '2011-08-29 20:06:51', 1814, '3-Stain', '2011-08-29 20:06:51')[0m
  [1m[35mSQL (0.1ms)[0m  INSERT INTO `elements` (`content`, `created_at`, `element_type_id`, `note`, `updated_at`) VALUES ('Sikkens is trusted by professionals and homeowners alike, to provide innovative, high performance stain products to suite any environment.', '2011-08-29 20:06:51', 1814, '4-Stain', '2011-08-29 20:06:51')
  [1m[36m (1.0ms)[0m  [1mCOMMIT[0m
  [1m[35m (0.1ms)[0m  BEGIN
  [1m[36m (0.3ms)[0m  [1mSELECT COUNT(*) FROM `element_types` WHERE (site_id = 3 AND name = 'Province CTA1')[0m
  [1m[35mSQL (0.2ms)[0m  INSERT INTO `element_types` (`created_at`, `name`, `site_id`, `updated_at`) VALUES ('2011-08-29 20:06:51', 'Province CTA1', 3, '2011-08-29 20:06:51')
  [1m[36mSQL (0.2ms)[0m  [1mINSERT INTO `elements` (`content`, `created_at`, `element_type_id`, `note`, `updated_at`) VALUES ('Select your location and a Sikkens product', '2011-08-29 20:06:51', 1815, '1-Stain', '2011-08-29 20:06:51')[0m
  [1m[35mSQL (0.1ms)[0m  INSERT INTO `elements` (`content`, `created_at`, `element_type_id`, `note`, `updated_at`) VALUES ('Choose your area; choose your Sikkens stain', '2011-08-29 20:06:51', 1815, '2-Stain', '2011-08-29 20:06:51')
  [1m[36mSQL (0.1ms)[0m  [1mINSERT INTO `elements` (`content`, `created_at`, `element_type_id`, `note`, `updated_at`) VALUES ('Select your location and a Sikkens product', '2011-08-29 20:06:51', 1815, '3-Stain', '2011-08-29 20:06:51')[0m
  [1m[35mSQL (0.1ms)[0m  INSERT INTO `elements` (`content`, `created_at`, `element_type_id`, `note`, `updated_at`) VALUES ('Select your location and a Sikkens product', '2011-08-29 20:06:51', 1815, '4-Stain', '2011-08-29 20:06:51')
  [1m[36m (0.6ms)[0m  [1mCOMMIT[0m
  [1m[35m (0.1ms)[0m  BEGIN
  [1m[36m (0.4ms)[0m  [1mSELECT COUNT(*) FROM `element_types` WHERE (site_id = 3 AND name = 'Province SUB1')[0m
  [1m[35mSQL (0.3ms)[0m  INSERT INTO `element_types` (`created_at`, `name`, `site_id`, `updated_at`) VALUES ('2011-08-29 20:06:51', 'Province SUB1', 3, '2011-08-29 20:06:51')
  [1m[36mSQL (0.3ms)[0m  [1mINSERT INTO `elements` (`content`, `created_at`, `element_type_id`, `note`, `updated_at`) VALUES ('Sikkens stain versatility', '2011-08-29 20:06:51', 1816, '1-Stain', '2011-08-29 20:06:51')[0m
  [1m[35mSQL (0.4ms)[0m  INSERT INTO `elements` (`content`, `created_at`, `element_type_id`, `note`, `updated_at`) VALUES ('High performance Sikkens stains for every need', '2011-08-29 20:06:51', 1816, '2-Stain', '2011-08-29 20:06:51')
  [1m[36mSQL (0.2ms)[0m  [1mINSERT INTO `elements` (`content`, `created_at`, `element_type_id`, `note`, `updated_at`) VALUES ('A range of Sikkens stains for diverse projects', '2011-08-29 20:06:51', 1816, '3-Stain', '2011-08-29 20:06:51')[0m
  [1m[35mSQL (0.2ms)[0m  INSERT INTO `elements` (`content`, `created_at`, `element_type_id`, `note`, `updated_at`) VALUES ('There&rsquo;s a Sikkens stain for every project', '2011-08-29 20:06:51', 1816, '4-Stain', '2011-08-29 20:06:51')
  [1m[36m (0.5ms)[0m  [1mCOMMIT[0m
  [1m[35m (0.1ms)[0m  BEGIN
  [1m[36m (0.3ms)[0m  [1mSELECT COUNT(*) FROM `element_types` WHERE (site_id = 3 AND name = 'Province BODY2 S1')[0m
  [1m[35mSQL (0.2ms)[0m  INSERT INTO `element_types` (`created_at`, `name`, `site_id`, `updated_at`) VALUES ('2011-08-29 20:06:51', 'Province BODY2 S1', 3, '2011-08-29 20:06:51')
  [1m[36mSQL (0.2ms)[0m  [1mINSERT INTO `elements` (`content`, `created_at`, `element_type_id`, `note`, `updated_at`) VALUES ('When you visit your local Sikkens dealer you&rsquo;re certain to find a stain that enlivens your project with precisely the finish you&rsquo;ve been imagining.', '2011-08-29 20:06:51', 1817, '1-Stain', '2011-08-29 20:06:51')[0m
  [1m[35mSQL (0.2ms)[0m  INSERT INTO `elements` (`content`, `created_at`, `element_type_id`, `note`, `updated_at`) VALUES ('There\'s always a perfect stain to enhance the appeal and finish of every project and you\'ll surely locate it at the Sikkens dealer close to you.', '2011-08-29 20:06:51', 1817, '2-Stain', '2011-08-29 20:06:51')
  [1m[36mSQL (0.4ms)[0m  [1mINSERT INTO `elements` (`content`, `created_at`, `element_type_id`, `note`, `updated_at`) VALUES ('If it\'s on your mind, you\'ll find the appropriate stain to enhance the finish of your project, at your nearest Sikkens dealership.', '2011-08-29 20:06:51', 1817, '3-Stain', '2011-08-29 20:06:51')[0m
  [1m[35mSQL (0.3ms)[0m  INSERT INTO `elements` (`content`, `created_at`, `element_type_id`, `note`, `updated_at`) VALUES ('When looking for an outdoor stain in [province] visiting your local Sikkens dealer will provide you with a seemingly endless array of choices.', '2011-08-29 20:06:51', 1817, '4-Stain', '2011-08-29 20:06:51')
  [1m[36m (0.6ms)[0m  [1mCOMMIT[0m
  [1m[35m (0.1ms)[0m  BEGIN
  [1m[36m (0.4ms)[0m  [1mSELECT COUNT(*) FROM `element_types` WHERE (site_id = 3 AND name = 'Province BODY2 S2')[0m
  [1m[35mSQL (0.4ms)[0m  INSERT INTO `element_types` (`created_at`, `name`, `site_id`, `updated_at`) VALUES ('2011-08-29 20:06:51', 'Province BODY2 S2', 3, '2011-08-29 20:06:51')
  [1m[36mSQL (0.3ms)[0m  [1mINSERT INTO `elements` (`content`, `created_at`, `element_type_id`, `note`, `updated_at`) VALUES ('Whether traditional or ultra-modern, any look can be achieved with Sikkens stain products, available in transparent, translucent, semi-transparent and solid colour options.', '2011-08-29 20:06:51', 1818, '1-Stain', '2011-08-29 20:06:51')[0m
  [1m[35mSQL (0.3ms)[0m  INSERT INTO `elements` (`content`, `created_at`, `element_type_id`, `note`, `updated_at`) VALUES ('Sikkens stains come in a variety of transparent, translucent, semi-transparent and solid colour choices and you can use them to make every project stand out, whatever style you wish to achieve.', '2011-08-29 20:06:51', 1818, '2-Stain', '2011-08-29 20:06:51')
  [1m[36mSQL (0.4ms)[0m  [1mINSERT INTO `elements` (`content`, `created_at`, `element_type_id`, `note`, `updated_at`) VALUES ('You can choose from stains in transparent, translucent, semi-transparent and solid colour options to create anything from a classic to avant garde finish.', '2011-08-29 20:06:51', 1818, '3-Stain', '2011-08-29 20:06:51')[0m
  [1m[35mSQL (0.2ms)[0m  INSERT INTO `elements` (`content`, `created_at`, `element_type_id`, `note`, `updated_at`) VALUES ('You&rsquo;ll find Sikkens stain products available in transparent, translucent, semi-transparent and solid colour options.', '2011-08-29 20:06:51', 1818, '4-Stain', '2011-08-29 20:06:51')
  [1m[36m (0.5ms)[0m  [1mCOMMIT[0m
  [1m[35m (0.2ms)[0m  BEGIN
  [1m[36m (0.7ms)[0m  [1mSELECT COUNT(*) FROM `element_types` WHERE (site_id = 3 AND name = 'Province BODY3 S1')[0m
  [1m[35mSQL (0.2ms)[0m  INSERT INTO `element_types` (`created_at`, `name`, `site_id`, `updated_at`) VALUES ('2011-08-29 20:06:51', 'Province BODY3 S1', 3, '2011-08-29 20:06:51')
  [1m[36mSQL (0.2ms)[0m  [1mINSERT INTO `elements` (`content`, `created_at`, `element_type_id`, `note`, `updated_at`) VALUES ('Our stains are perfect for all exterior projects.', '2011-08-29 20:06:51', 1819, '1-Stain', '2011-08-29 20:06:51')[0m
  [1m[35mSQL (0.2ms)[0m  INSERT INTO `elements` (`content`, `created_at`, `element_type_id`, `note`, `updated_at`) VALUES ('Sikkens stains can be trusted for every type of outdoor application.', '2011-08-29 20:06:51', 1819, '2-Stain', '2011-08-29 20:06:51')
  [1m[36mSQL (0.2ms)[0m  [1mINSERT INTO `elements` (`content`, `created_at`, `element_type_id`, `note`, `updated_at`) VALUES ('Sikkens has distinguished itself as the acknowledged stain leader with top-of-the-line products that raise the bar in performance and sustainability.', '2011-08-29 20:06:51', 1819, '3-Stain', '2011-08-29 20:06:51')[0m
  [1m[35mSQL (0.1ms)[0m  INSERT INTO `elements` (`content`, `created_at`, `element_type_id`, `note`, `updated_at`) VALUES ('At Sikkens we&rsquo;re constantly searching for ways to provide our customers with better performing, more environmentally sustainable stain products.', '2011-08-29 20:06:51', 1819, '4-Stain', '2011-08-29 20:06:51')
  [1m[36m (1.0ms)[0m  [1mCOMMIT[0m
  [1m[35m (0.1ms)[0m  BEGIN
  [1m[36m (0.3ms)[0m  [1mSELECT COUNT(*) FROM `element_types` WHERE (site_id = 3 AND name = 'Province BODY3 S2')[0m
  [1m[35mSQL (0.3ms)[0m  INSERT INTO `element_types` (`created_at`, `name`, `site_id`, `updated_at`) VALUES ('2011-08-29 20:06:51', 'Province BODY3 S2', 3, '2011-08-29 20:06:51')
  [1m[36mSQL (0.3ms)[0m  [1mINSERT INTO `elements` (`content`, `created_at`, `element_type_id`, `note`, `updated_at`) VALUES ('Talk to your local Sikkens dealer about stains for windows and doors, siding, fences, decks and any other uses for our high-quality wood stain.', '2011-08-29 20:06:51', 1820, '1-Stain', '2011-08-29 20:06:51')[0m
  [1m[35mSQL (0.2ms)[0m  INSERT INTO `elements` (`content`, `created_at`, `element_type_id`, `note`, `updated_at`) VALUES ('Discover our wide complement of durable, dependable stains for every application including decks, sidings, fences, doors, and windows at the Sikkens dealer closest to you.', '2011-08-29 20:06:51', 1820, '2-Stain', '2011-08-29 20:06:51')
  [1m[36mSQL (0.2ms)[0m  [1mINSERT INTO `elements` (`content`, `created_at`, `element_type_id`, `note`, `updated_at`) VALUES ('Thanks to their alkyd/oil high solid coatings, our products clear all the strict VOC (volatile organic compounds) requirements.', '2011-08-29 20:06:51', 1820, '3-Stain', '2011-08-29 20:06:51')[0m
  [1m[35mSQL (0.1ms)[0m  INSERT INTO `elements` (`content`, `created_at`, `element_type_id`, `note`, `updated_at`) VALUES ('Our alkyd/oil high solid coatings meet rigorous VOC (volatile organic compounds) regulations.', '2011-08-29 20:06:51', 1820, '4-Stain', '2011-08-29 20:06:51')
  [1m[36m (0.6ms)[0m  [1mCOMMIT[0m
  [1m[35m (0.1ms)[0m  BEGIN
  [1m[36m (0.4ms)[0m  [1mSELECT COUNT(*) FROM `element_types` WHERE (site_id = 3 AND name = 'Province CTA2 S1')[0m
  [1m[35mSQL (0.2ms)[0m  INSERT INTO `element_types` (`created_at`, `name`, `site_id`, `updated_at`) VALUES ('2011-08-29 20:06:51', 'Province CTA2 S1', 3, '2011-08-29 20:06:51')
  [1m[36mSQL (0.1ms)[0m  [1mINSERT INTO `elements` (`content`, `created_at`, `element_type_id`, `note`, `updated_at`) VALUES ('Choose your product and city to find the Sikkens dealer nearest you.', '2011-08-29 20:06:51', 1821, '1-Stain', '2011-08-29 20:06:51')[0m
  [1m[35mSQL (0.2ms)[0m  INSERT INTO `elements` (`content`, `created_at`, `element_type_id`, `note`, `updated_at`) VALUES ('Locate your nearest Sikkens dealership by selecting your Sikkens product and city.', '2011-08-29 20:06:51', 1821, '2-Stain', '2011-08-29 20:06:51')
  [1m[36mSQL (0.3ms)[0m  [1mINSERT INTO `elements` (`content`, `created_at`, `element_type_id`, `note`, `updated_at`) VALUES ('Pick your product and city to find your local Sikkens dealer.', '2011-08-29 20:06:51', 1821, '3-Stain', '2011-08-29 20:06:51')[0m
  [1m[35mSQL (0.2ms)[0m  INSERT INTO `elements` (`content`, `created_at`, `element_type_id`, `note`, `updated_at`) VALUES ('Select your product and the city nearest you.', '2011-08-29 20:06:51', 1821, '4-Stain', '2011-08-29 20:06:51')
  [1m[36m (0.6ms)[0m  [1mCOMMIT[0m
  [1m[35m (0.1ms)[0m  BEGIN
  [1m[36m (0.4ms)[0m  [1mSELECT COUNT(*) FROM `element_types` WHERE (site_id = 3 AND name = 'Province SUB2')[0m
  [1m[35mSQL (0.2ms)[0m  INSERT INTO `element_types` (`created_at`, `name`, `site_id`, `updated_at`) VALUES ('2011-08-29 20:06:51', 'Province SUB2', 3, '2011-08-29 20:06:51')
  [1m[36mSQL (0.3ms)[0m  [1mINSERT INTO `elements` (`content`, `created_at`, `element_type_id`, `note`, `updated_at`) VALUES ('About Sikkens product innovation & environmental impact', '2011-08-29 20:06:51', 1822, '1-Stain', '2011-08-29 20:06:51')[0m
  [1m[35mSQL (0.2ms)[0m  INSERT INTO `elements` (`content`, `created_at`, `element_type_id`, `note`, `updated_at`) VALUES ('Sikkens stain products: Durable, environment-sensitive and state-of-the-art', '2011-08-29 20:06:51', 1822, '3-Stain', '2011-08-29 20:06:51')
  [1m[36mSQL (0.3ms)[0m  [1mINSERT INTO `elements` (`content`, `created_at`, `element_type_id`, `note`, `updated_at`) VALUES ('Advanced product technology and environment friendly', '2011-08-29 20:06:51', 1822, '4-Stain', '2011-08-29 20:06:51')[0m
  [1m[35m (0.5ms)[0m  COMMIT
  [1m[36m (0.1ms)[0m  [1mBEGIN[0m
  [1m[35m (1.2ms)[0m  SELECT COUNT(*) FROM `element_types` WHERE (site_id = 3 AND name = 'Province BODY4 S1')
  [1m[36mSQL (0.3ms)[0m  [1mINSERT INTO `element_types` (`created_at`, `name`, `site_id`, `updated_at`) VALUES ('2011-08-29 20:06:51', 'Province BODY4 S1', 3, '2011-08-29 20:06:51')[0m
  [1m[35mSQL (0.3ms)[0m  INSERT INTO `elements` (`content`, `created_at`, `element_type_id`, `note`, `updated_at`) VALUES ('As an industry leader, Sikkens is dedicated to providing you with more sustainable, better performing stain products.', '2011-08-29 20:06:51', 1823, '1-Stain', '2011-08-29 20:06:51')
  [1m[36mSQL (0.2ms)[0m  [1mINSERT INTO `elements` (`content`, `created_at`, `element_type_id`, `note`, `updated_at`) VALUES ('Our stain products enjoy a solid reputation for durability and excellence making Sikkens the top-ranked brand in the market.', '2011-08-29 20:06:51', 1823, '2-Stain', '2011-08-29 20:06:51')[0m
  [1m[35m (0.5ms)[0m  COMMIT
  [1m[36m (0.1ms)[0m  [1mBEGIN[0m
  [1m[35m (0.4ms)[0m  SELECT COUNT(*) FROM `element_types` WHERE (site_id = 3 AND name = 'Province BODY4 S2')
  [1m[36mSQL (0.2ms)[0m  [1mINSERT INTO `element_types` (`created_at`, `name`, `site_id`, `updated_at`) VALUES ('2011-08-29 20:06:51', 'Province BODY4 S2', 3, '2011-08-29 20:06:51')[0m
  [1m[35mSQL (0.2ms)[0m  INSERT INTO `elements` (`content`, `created_at`, `element_type_id`, `note`, `updated_at`) VALUES ('We provide alkyd/oil high solid coatings that meet rigorous VOC (volatile organic compounds) requirements.', '2011-08-29 20:06:51', 1824, '1-Stain', '2011-08-29 20:06:51')
  [1m[36mSQL (0.3ms)[0m  [1mINSERT INTO `elements` (`content`, `created_at`, `element_type_id`, `note`, `updated_at`) VALUES ('The stains also conform to stringent VOC (volatile organic compounds) standards with their alkyd/oil high solid coatings.', '2011-08-29 20:06:51', 1824, '2-Stain', '2011-08-29 20:06:51')[0m
  [1m[35m (1.0ms)[0m  COMMIT
  [1m[36m (0.1ms)[0m  [1mBEGIN[0m
  [1m[35m (0.6ms)[0m  SELECT COUNT(*) FROM `element_types` WHERE (site_id = 3 AND name = 'Province BODY4 S3')
  [1m[36mSQL (0.2ms)[0m  [1mINSERT INTO `element_types` (`created_at`, `name`, `site_id`, `updated_at`) VALUES ('2011-08-29 20:06:51', 'Province BODY4 S3', 3, '2011-08-29 20:06:51')[0m
  [1m[35mSQL (0.4ms)[0m  INSERT INTO `elements` (`content`, `created_at`, `element_type_id`, `note`, `updated_at`) VALUES ('Additionally, alkyds are made from renewable plant-based oils such as linseed and soy, and provide the highest level of protection for wood structures.', '2011-08-29 20:06:51', 1825, '1-Stain', '2011-08-29 20:06:51')
  [1m[36mSQL (0.3ms)[0m  [1mINSERT INTO `elements` (`content`, `created_at`, `element_type_id`, `note`, `updated_at`) VALUES ('What\'s more, the alkyds also offer the ultimate protection for wood surfaces due to their composition from linseed and soy, renowned plant seed oils.', '2011-08-29 20:06:51', 1825, '2-Stain', '2011-08-29 20:06:51')[0m
  [1m[35m (2.6ms)[0m  COMMIT
  [1m[36m (0.1ms)[0m  [1mBEGIN[0m
  [1m[35m (0.4ms)[0m  SELECT COUNT(*) FROM `element_types` WHERE (site_id = 3 AND name = 'Province LIST HEADER1')
  [1m[36mSQL (0.2ms)[0m  [1mINSERT INTO `element_types` (`created_at`, `name`, `site_id`, `updated_at`) VALUES ('2011-08-29 20:06:51', 'Province LIST HEADER1', 3, '2011-08-29 20:06:51')[0m
  [1m[35mSQL (0.3ms)[0m  INSERT INTO `elements` (`content`, `created_at`, `element_type_id`, `note`, `updated_at`) VALUES ('Here are some of the benefits of using Sikkens solventborne products on your outdoor projects:', '2011-08-29 20:06:51', 1826, '1-Stain', '2011-08-29 20:06:51')
  [1m[36mSQL (0.2ms)[0m  [1mINSERT INTO `elements` (`content`, `created_at`, `element_type_id`, `note`, `updated_at`) VALUES ('Sikkens solventborne products - tested by professionals, trusted for outdoor applications:', '2011-08-29 20:06:51', 1826, '2-Stain', '2011-08-29 20:06:51')[0m
  [1m[35mSQL (0.2ms)[0m  INSERT INTO `elements` (`content`, `created_at`, `element_type_id`, `note`, `updated_at`) VALUES ('Ideal and proven Sikkens solventborne products for external uses:', '2011-08-29 20:06:51', 1826, '3-Stain', '2011-08-29 20:06:51')
  [1m[36mSQL (0.2ms)[0m  [1mINSERT INTO `elements` (`content`, `created_at`, `element_type_id`, `note`, `updated_at`) VALUES ('The benefits of using Sikkens solventborne products on your outdoor projects include:', '2011-08-29 20:06:51', 1826, '4-Stain', '2011-08-29 20:06:51')[0m
  [1m[35m (0.5ms)[0m  COMMIT
  [1m[36m (0.1ms)[0m  [1mBEGIN[0m
  [1m[35m (0.4ms)[0m  SELECT COUNT(*) FROM `element_types` WHERE (site_id = 3 AND name = 'Province LIST1')
  [1m[36mSQL (0.3ms)[0m  [1mINSERT INTO `element_types` (`created_at`, `name`, `site_id`, `updated_at`) VALUES ('2011-08-29 20:06:51', 'Province LIST1', 3, '2011-08-29 20:06:51')[0m
  [1m[35mSQL (0.2ms)[0m  INSERT INTO `elements` (`content`, `created_at`, `element_type_id`, `note`, `updated_at`) VALUES ('<ul><li>Deeply penetrates the wood.*</li><li>Offers more durable protection.*</li><li>Water-repellent?*</li><li>Provides excellent colour retention</li><li>All products meet Canadian VOC requirements</li></ul>', '2011-08-29 20:06:51', 1827, '1-Stain', '2011-08-29 20:06:51')
  [1m[36mSQL (0.2ms)[0m  [1mINSERT INTO `elements` (`content`, `created_at`, `element_type_id`, `note`, `updated_at`) VALUES ('<ul><li>Deeply penetrates the wood</li><li>Offers more durable protection</li><li>Water-repellent </li><li>Provides excellent colour retention</li><li>All products meet Canadian VOC requirements</li></ul>', '2011-08-29 20:06:51', 1827, '2-Stain', '2011-08-29 20:06:51')[0m
  [1m[35mSQL (0.3ms)[0m  INSERT INTO `elements` (`content`, `created_at`, `element_type_id`, `note`, `updated_at`) VALUES ('<ul><li>Deeply penetrates the wood</li><li>Offers more durable protection</li><li>Water-repellent </li><li>Provides excellent colour retention</li><li>All products meet Canadian VOC requirements</li></ul>', '2011-08-29 20:06:51', 1827, '3-Stain', '2011-08-29 20:06:51')
  [1m[36mSQL (0.2ms)[0m  [1mINSERT INTO `elements` (`content`, `created_at`, `element_type_id`, `note`, `updated_at`) VALUES ('<ul><li>Deeply penetrates the wood</li><li>Offers more durable protection</li><li>Water-repellent </li><li>Provides excellent colour retention</li><li>All products meet Canadian VOC requirements</li></ul>', '2011-08-29 20:06:51', 1827, '4-Stain', '2011-08-29 20:06:51')[0m
  [1m[35m (0.5ms)[0m  COMMIT
  [1m[36m (0.2ms)[0m  [1mBEGIN[0m
  [1m[35m (0.4ms)[0m  SELECT COUNT(*) FROM `element_types` WHERE (site_id = 3 AND name = 'Province TITLE1')
  [1m[36mSQL (0.2ms)[0m  [1mINSERT INTO `element_types` (`created_at`, `name`, `site_id`, `updated_at`) VALUES ('2011-08-29 20:06:51', 'Province TITLE1', 3, '2011-08-29 20:06:51')[0m
  [1m[35mSQL (0.2ms)[0m  INSERT INTO `elements` (`content`, `created_at`, `element_type_id`, `note`, `updated_at`) VALUES ('Sikkens stain in [Province]', '2011-08-29 20:06:51', 1828, '1-Stain', '2011-08-29 20:06:51')
  [1m[36mSQL (0.2ms)[0m  [1mINSERT INTO `elements` (`content`, `created_at`, `element_type_id`, `note`, `updated_at`) VALUES ('Sikkens stain in [Province]', '2011-08-29 20:06:51', 1828, '2-Stain', '2011-08-29 20:06:51')[0m
  [1m[35mSQL (0.2ms)[0m  INSERT INTO `elements` (`content`, `created_at`, `element_type_id`, `note`, `updated_at`) VALUES ('[Stain] in [Province] from Sikkens', '2011-08-29 20:06:51', 1828, '3-Stain', '2011-08-29 20:06:51')
  [1m[36mSQL (0.2ms)[0m  [1mINSERT INTO `elements` (`content`, `created_at`, `element_type_id`, `note`, `updated_at`) VALUES ('Stain in [Province] from your local Sikkens dealer', '2011-08-29 20:06:51', 1828, '4-Stain', '2011-08-29 20:06:51')[0m
  [1m[35m (0.6ms)[0m  COMMIT
  [1m[36m (0.3ms)[0m  [1mBEGIN[0m
  [1m[35m (0.4ms)[0m  SELECT COUNT(*) FROM `element_types` WHERE (site_id = 3 AND name = 'Province DESCRIPTION1 S1')
  [1m[36mSQL (0.3ms)[0m  [1mINSERT INTO `element_types` (`created_at`, `name`, `site_id`, `updated_at`) VALUES ('2011-08-29 20:06:51', 'Province DESCRIPTION1 S1', 3, '2011-08-29 20:06:51')[0m
  [1m[35mSQL (3.6ms)[0m  INSERT INTO `elements` (`content`, `created_at`, `element_type_id`, `note`, `updated_at`) VALUES ('Bring projects to life with Sikkens wood stain in [Province] for decks, windows and doors, fences, siding and more.* Visit today.', '2011-08-29 20:06:51', 1829, '1-Stain', '2011-08-29 20:06:51')
  [1m[36mSQL (0.2ms)[0m  [1mINSERT INTO `elements` (`content`, `created_at`, `element_type_id`, `note`, `updated_at`) VALUES ('Sikkens wood stains in -[Province] help decks, windows and doors, fences, and sidings shine and sparkle.* Get in today.', '2011-08-29 20:06:51', 1829, '2-Stain', '2011-08-29 20:06:51')[0m
  [1m[35mSQL (0.1ms)[0m  INSERT INTO `elements` (`content`, `created_at`, `element_type_id`, `note`, `updated_at`) VALUES ('Create an enduring, elegant appeal for decks, windows and doors, fences, sidings and more with Sikkens wood stains in [Province].* Contact today.', '2011-08-29 20:06:52', 1829, '3-Stain', '2011-08-29 20:06:52')
  [1m[36mSQL (0.1ms)[0m  [1mINSERT INTO `elements` (`content`, `created_at`, `element_type_id`, `note`, `updated_at`) VALUES ('Need the perfect stain in [Province] for your outdoor building projects?* Contact your local Sikkens dealer.* Many stains to choose from.* Visit now.', '2011-08-29 20:06:52', 1829, '4-Stain', '2011-08-29 20:06:52')[0m
  [1m[35m (0.9ms)[0m  COMMIT
  [1m[36m (0.1ms)[0m  [1mBEGIN[0m
  [1m[35m (0.5ms)[0m  SELECT COUNT(*) FROM `element_types` WHERE (site_id = 3 AND name = 'Province SUB2 S1')
  [1m[36mSQL (0.2ms)[0m  [1mINSERT INTO `element_types` (`created_at`, `name`, `site_id`, `updated_at`) VALUES ('2011-08-29 20:06:52', 'Province SUB2 S1', 3, '2011-08-29 20:06:52')[0m
  [1m[35mSQL (0.4ms)[0m  INSERT INTO `elements` (`content`, `created_at`, `element_type_id`, `note`, `updated_at`) VALUES ('Trend setting, environment-friendly, high performing Sikkens products.', '2011-08-29 20:06:52', 1830, '2-Stain', '2011-08-29 20:06:52')
  [1m[36m (0.8ms)[0m  [1mCOMMIT[0m
  [1m[35m (0.1ms)[0m  BEGIN
  [1m[36m (0.4ms)[0m  [1mSELECT COUNT(*) FROM `element_types` WHERE (site_id = 3 AND name = 'Province BODY2 S3')[0m
  [1m[35mSQL (0.2ms)[0m  INSERT INTO `element_types` (`created_at`, `name`, `site_id`, `updated_at`) VALUES ('2011-08-29 20:06:52', 'Province BODY2 S3', 3, '2011-08-29 20:06:52')
  [1m[36mSQL (0.2ms)[0m  [1mINSERT INTO `elements` (`content`, `created_at`, `element_type_id`, `note`, `updated_at`) VALUES ('Whatever your requirement, there is a Sikkens stain that\'ll be ideal for your exterior jobs.', '2011-08-29 20:06:52', 1831, '3-Stain', '2011-08-29 20:06:52')[0m
  [1m[35mSQL (0.1ms)[0m  INSERT INTO `elements` (`content`, `created_at`, `element_type_id`, `note`, `updated_at`) VALUES ('Our stains were made for your exterior project.', '2011-08-29 20:06:52', 1831, '4-Stain', '2011-08-29 20:06:52')
  [1m[36m (0.5ms)[0m  [1mCOMMIT[0m
  [1m[35m (0.3ms)[0m  BEGIN
  [1m[36m (0.5ms)[0m  [1mSELECT COUNT(*) FROM `element_types` WHERE (site_id = 3 AND name = 'Province BODY2 S4')[0m
  [1m[35mSQL (0.3ms)[0m  INSERT INTO `element_types` (`created_at`, `name`, `site_id`, `updated_at`) VALUES ('2011-08-29 20:06:52', 'Province BODY2 S4', 3, '2011-08-29 20:06:52')
  [1m[36mSQL (0.2ms)[0m  [1mINSERT INTO `elements` (`content`, `created_at`, `element_type_id`, `note`, `updated_at`) VALUES ('Get in touch with your nearest Sikkens dealership to check out our acclaimed range of wood stains for decks, sidings, fences, doors, windows and more.', '2011-08-29 20:06:52', 1832, '3-Stain', '2011-08-29 20:06:52')[0m
  [1m[35mSQL (0.2ms)[0m  INSERT INTO `elements` (`content`, `created_at`, `element_type_id`, `note`, `updated_at`) VALUES ('Consult the Sikkens dealer nearest you finding the right stains for windows and doors, siding, fences, decks and any other uses for our wood stain.', '2011-08-29 20:06:52', 1832, '4-Stain', '2011-08-29 20:06:52')
  [1m[36m (0.6ms)[0m  [1mCOMMIT[0m
  [1m[35m (0.1ms)[0m  BEGIN
  [1m[36m (0.5ms)[0m  [1mSELECT COUNT(*) FROM `element_types` WHERE (site_id = 3 AND name = 'Province BODY3 S3')[0m
  [1m[35mSQL (0.2ms)[0m  INSERT INTO `element_types` (`created_at`, `name`, `site_id`, `updated_at`) VALUES ('2011-08-29 20:06:52', 'Province BODY3 S3', 3, '2011-08-29 20:06:52')
  [1m[36mSQL (0.2ms)[0m  [1mINSERT INTO `elements` (`content`, `created_at`, `element_type_id`, `note`, `updated_at`) VALUES ('Plus, the alkyds offer superior protection for wood products, thanks to their special formulation from linseed and say, oils that are renewable and plant-based.', '2011-08-29 20:06:52', 1833, '3-Stain', '2011-08-29 20:06:52')[0m
  [1m[35mSQL (0.2ms)[0m  INSERT INTO `elements` (`content`, `created_at`, `element_type_id`, `note`, `updated_at`) VALUES ('Your projects will benefit, because alkyds are made from renewable plant-based oils such as linseed and soy, and offer the best level of protection for wood structures.', '2011-08-29 20:06:52', 1833, '4-Stain', '2011-08-29 20:06:52')
  [1m[36m (0.5ms)[0m  [1mCOMMIT[0m
  [1m[35m (0.1ms)[0m  BEGIN
  [1m[36m (0.4ms)[0m  [1mSELECT COUNT(*) FROM `element_types` WHERE (site_id = 3 AND name = 'Province HEAD1 S1')[0m
  [1m[35mSQL (0.2ms)[0m  INSERT INTO `element_types` (`created_at`, `name`, `site_id`, `updated_at`) VALUES ('2011-08-29 20:06:52', 'Province HEAD1 S1', 3, '2011-08-29 20:06:52')
  [1m[36mSQL (0.2ms)[0m  [1mINSERT INTO `elements` (`content`, `created_at`, `element_type_id`, `note`, `updated_at`) VALUES ('Looking for the perfect outdoor stain in [Province]?', '2011-08-29 20:06:52', 1834, '4-Stain', '2011-08-29 20:06:52')[0m
  [1m[35m (0.6ms)[0m  COMMIT
  [1m[36m (0.1ms)[0m  [1mBEGIN[0m
  [1m[35m (0.3ms)[0m  SELECT COUNT(*) FROM `element_types` WHERE (site_id = 3 AND name = 'Province FR HEAD1')
  [1m[36mSQL (0.2ms)[0m  [1mINSERT INTO `element_types` (`created_at`, `name`, `site_id`, `updated_at`) VALUES ('2011-08-29 20:06:52', 'Province FR HEAD1', 3, '2011-08-29 20:06:52')[0m
  [1m[35mSQL (0.2ms)[0m  INSERT INTO `elements` (`content`, `created_at`, `element_type_id`, `note`, `updated_at`) VALUES ('La teinture #1 pour vos projets extérieurs', '2011-08-29 20:06:52', 1835, '1-Stain', '2011-08-29 20:06:52')
  [1m[36m (0.6ms)[0m  [1mCOMMIT[0m
  [1m[35m (0.1ms)[0m  BEGIN
  [1m[36m (0.3ms)[0m  [1mSELECT COUNT(*) FROM `element_types` WHERE (site_id = 3 AND name = 'Province FR BODY1 S1')[0m
  [1m[35mSQL (0.2ms)[0m  INSERT INTO `element_types` (`created_at`, `name`, `site_id`, `updated_at`) VALUES ('2011-08-29 20:06:52', 'Province FR BODY1 S1', 3, '2011-08-29 20:06:52')
  [1m[36mSQL (0.2ms)[0m  [1mINSERT INTO `elements` (`content`, `created_at`, `element_type_id`, `note`, `updated_at`) VALUES ('Rien ne donne plus de cachet à vos projets de rénovation extérieure que la teinture de votre détaillant local Sikkens.', '2011-08-29 20:06:52', 1836, '1-Stain', '2011-08-29 20:06:52')[0m
  [1m[35m (0.6ms)[0m  COMMIT
  [1m[36m (0.1ms)[0m  [1mBEGIN[0m
  [1m[35m (0.3ms)[0m  SELECT COUNT(*) FROM `element_types` WHERE (site_id = 3 AND name = 'Province FR BODY1 S2')
  [1m[36mSQL (0.2ms)[0m  [1mINSERT INTO `element_types` (`created_at`, `name`, `site_id`, `updated_at`) VALUES ('2011-08-29 20:06:52', 'Province FR BODY1 S2', 3, '2011-08-29 20:06:52')[0m
  [1m[35mSQL (0.2ms)[0m  INSERT INTO `elements` (`content`, `created_at`, `element_type_id`, `note`, `updated_at`) VALUES ('Celle-ci contribue à redonner un nouvel éclat à votre terrasse, à enjoliver et à ajouter une profondeur à vos revêtements et clôtures et à raviver la couleur naturelle de vos portes et fenêtres.', '2011-08-29 20:06:52', 1837, '1-Stain', '2011-08-29 20:06:52')
  [1m[36m (0.9ms)[0m  [1mCOMMIT[0m
  [1m[35m (0.1ms)[0m  BEGIN
  [1m[36m (0.5ms)[0m  [1mSELECT COUNT(*) FROM `element_types` WHERE (site_id = 3 AND name = 'Province FR BODY1 S3')[0m
  [1m[35mSQL (0.2ms)[0m  INSERT INTO `element_types` (`created_at`, `name`, `site_id`, `updated_at`) VALUES ('2011-08-29 20:06:52', 'Province FR BODY1 S3', 3, '2011-08-29 20:06:52')
  [1m[36mSQL (0.2ms)[0m  [1mINSERT INTO `elements` (`content`, `created_at`, `element_type_id`, `note`, `updated_at`) VALUES ('En tant que teinture la plus prisée chez les professionnels et propriétaires de maison, vous pouvez compter sur les produits innovants et de haute performance Sikkens pour vous prêter main forte dans tous vos projets.', '2011-08-29 20:06:52', 1838, '1-Stain', '2011-08-29 20:06:52')[0m
  [1m[35m (0.5ms)[0m  COMMIT
  [1m[36m (0.1ms)[0m  [1mBEGIN[0m
  [1m[35m (0.4ms)[0m  SELECT COUNT(*) FROM `element_types` WHERE (site_id = 3 AND name = 'Province FR CTA1')
  [1m[36mSQL (0.2ms)[0m  [1mINSERT INTO `element_types` (`created_at`, `name`, `site_id`, `updated_at`) VALUES ('2011-08-29 20:06:52', 'Province FR CTA1', 3, '2011-08-29 20:06:52')[0m
  [1m[35mSQL (0.2ms)[0m  INSERT INTO `elements` (`content`, `created_at`, `element_type_id`, `note`, `updated_at`) VALUES ('Sélectionnez votre emplacement et un produit Sikkens', '2011-08-29 20:06:52', 1839, '1-Stain', '2011-08-29 20:06:52')
  [1m[36m (0.5ms)[0m  [1mCOMMIT[0m
  [1m[35m (0.1ms)[0m  BEGIN
  [1m[36m (0.4ms)[0m  [1mSELECT COUNT(*) FROM `element_types` WHERE (site_id = 3 AND name = 'Province FR SUB1')[0m
  [1m[35mSQL (0.2ms)[0m  INSERT INTO `element_types` (`created_at`, `name`, `site_id`, `updated_at`) VALUES ('2011-08-29 20:06:52', 'Province FR SUB1', 3, '2011-08-29 20:06:52')
  [1m[36mSQL (0.3ms)[0m  [1mINSERT INTO `elements` (`content`, `created_at`, `element_type_id`, `note`, `updated_at`) VALUES ('La polyvalence de la teinture Sikkens', '2011-08-29 20:06:52', 1840, '1-Stain', '2011-08-29 20:06:52')[0m
  [1m[35m (0.6ms)[0m  COMMIT
  [1m[36m (0.1ms)[0m  [1mBEGIN[0m
  [1m[35m (0.3ms)[0m  SELECT COUNT(*) FROM `element_types` WHERE (site_id = 3 AND name = 'Province FR BODY2 S1')
  [1m[36mSQL (0.2ms)[0m  [1mINSERT INTO `element_types` (`created_at`, `name`, `site_id`, `updated_at`) VALUES ('2011-08-29 20:06:52', 'Province FR BODY2 S1', 3, '2011-08-29 20:06:52')[0m
  [1m[35mSQL (0.2ms)[0m  INSERT INTO `elements` (`content`, `created_at`, `element_type_id`, `note`, `updated_at`) VALUES ('Lorsque vous vous rendez chez votre détaillant local Sikkens, vous êtes assuré de trouver la teinture qui conviendra parfaitement à votre projet et ce, avec la qualité de finition dont vous rêvez.', '2011-08-29 20:06:52', 1841, '1-Stain', '2011-08-29 20:06:52')
  [1m[36m (0.5ms)[0m  [1mCOMMIT[0m
  [1m[35m (0.1ms)[0m  BEGIN
  [1m[36m (0.3ms)[0m  [1mSELECT COUNT(*) FROM `element_types` WHERE (site_id = 3 AND name = 'Province FR BODY2 S2')[0m
  [1m[35mSQL (0.2ms)[0m  INSERT INTO `element_types` (`created_at`, `name`, `site_id`, `updated_at`) VALUES ('2011-08-29 20:06:52', 'Province FR BODY2 S2', 3, '2011-08-29 20:06:52')
  [1m[36mSQL (0.1ms)[0m  [1mINSERT INTO `elements` (`content`, `created_at`, `element_type_id`, `note`, `updated_at`) VALUES ('Que vous soyez du type classique ou contemporain, Sikkens offre une gamme de teinture pouvant assurément combler vos attentes.', '2011-08-29 20:06:52', 1842, '1-Stain', '2011-08-29 20:06:52')[0m
  [1m[35m (0.5ms)[0m  COMMIT
  [1m[36m (0.1ms)[0m  [1mBEGIN[0m
  [1m[35m (0.4ms)[0m  SELECT COUNT(*) FROM `element_types` WHERE (site_id = 3 AND name = 'Province FR BODY2 S3')
  [1m[36mSQL (0.2ms)[0m  [1mINSERT INTO `element_types` (`created_at`, `name`, `site_id`, `updated_at`) VALUES ('2011-08-29 20:06:52', 'Province FR BODY2 S3', 3, '2011-08-29 20:06:52')[0m
  [1m[35mSQL (0.2ms)[0m  INSERT INTO `elements` (`content`, `created_at`, `element_type_id`, `note`, `updated_at`) VALUES ('En somme, une multitude d\'options, telles que la teinture transparente, translucide, semi-transparente ou opaque sont à votre disposition.', '2011-08-29 20:06:52', 1843, '1-Stain', '2011-08-29 20:06:52')
  [1m[36m (0.6ms)[0m  [1mCOMMIT[0m
  [1m[35m (0.1ms)[0m  BEGIN
  [1m[36m (0.3ms)[0m  [1mSELECT COUNT(*) FROM `element_types` WHERE (site_id = 3 AND name = 'Province FR BODY2 S4')[0m
  [1m[35mSQL (0.2ms)[0m  INSERT INTO `element_types` (`created_at`, `name`, `site_id`, `updated_at`) VALUES ('2011-08-29 20:06:52', 'Province FR BODY2 S4', 3, '2011-08-29 20:06:52')
  [1m[36mSQL (0.3ms)[0m  [1mINSERT INTO `elements` (`content`, `created_at`, `element_type_id`, `note`, `updated_at`) VALUES ('Nos teintures conviennent à tout type de projet extérieur.', '2011-08-29 20:06:52', 1844, '1-Stain', '2011-08-29 20:06:52')[0m
  [1m[35m (0.5ms)[0m  COMMIT
  [1m[36m (0.1ms)[0m  [1mBEGIN[0m
  [1m[35m (0.4ms)[0m  SELECT COUNT(*) FROM `element_types` WHERE (site_id = 3 AND name = 'Province FR BODY2 S5')
  [1m[36mSQL (0.2ms)[0m  [1mINSERT INTO `element_types` (`created_at`, `name`, `site_id`, `updated_at`) VALUES ('2011-08-29 20:06:52', 'Province FR BODY2 S5', 3, '2011-08-29 20:06:52')[0m
  [1m[35mSQL (0.2ms)[0m  INSERT INTO `elements` (`content`, `created_at`, `element_type_id`, `note`, `updated_at`) VALUES ('N\'hésitez surtout pas à questionner votre détaillant local Sikkens relativement à nos teintures pour portes, fenêtres, revêtement, clôtures, terrasses, ou encore, pour toute application spéciale requérant une teinture pour bois de haute qualité.', '2011-08-29 20:06:52', 1845, '1-Stain', '2011-08-29 20:06:52')
  [1m[36m (0.6ms)[0m  [1mCOMMIT[0m
  [1m[35m (0.1ms)[0m  BEGIN
  [1m[36m (0.4ms)[0m  [1mSELECT COUNT(*) FROM `element_types` WHERE (site_id = 3 AND name = 'Province FR CTA2 S1')[0m
  [1m[35mSQL (0.2ms)[0m  INSERT INTO `element_types` (`created_at`, `name`, `site_id`, `updated_at`) VALUES ('2011-08-29 20:06:52', 'Province FR CTA2 S1', 3, '2011-08-29 20:06:52')
  [1m[36mSQL (0.2ms)[0m  [1mINSERT INTO `elements` (`content`, `created_at`, `element_type_id`, `note`, `updated_at`) VALUES ('Choisissez votre produit et votre province pour trouver le détaillant Sikkens situé le plus près de chez vous.', '2011-08-29 20:06:52', 1846, '1-Stain', '2011-08-29 20:06:52')[0m
  [1m[35m (0.6ms)[0m  COMMIT
  [1m[36m (0.1ms)[0m  [1mBEGIN[0m
  [1m[35m (0.3ms)[0m  SELECT COUNT(*) FROM `element_types` WHERE (site_id = 3 AND name = 'Province FR SUB2')
  [1m[36mSQL (0.2ms)[0m  [1mINSERT INTO `element_types` (`created_at`, `name`, `site_id`, `updated_at`) VALUES ('2011-08-29 20:06:52', 'Province FR SUB2', 3, '2011-08-29 20:06:52')[0m
  [1m[35mSQL (0.1ms)[0m  INSERT INTO `elements` (`content`, `created_at`, `element_type_id`, `note`, `updated_at`) VALUES ('La teinture Sikkens, un produit innovant préservant la qualité de l\'environnement', '2011-08-29 20:06:52', 1847, '1-Stain', '2011-08-29 20:06:52')
  [1m[36m (0.6ms)[0m  [1mCOMMIT[0m
  [1m[35m (0.1ms)[0m  BEGIN
  [1m[36m (0.3ms)[0m  [1mSELECT COUNT(*) FROM `element_types` WHERE (site_id = 3 AND name = 'Province FR BODY3 S1')[0m
  [1m[35mSQL (0.2ms)[0m  INSERT INTO `element_types` (`created_at`, `name`, `site_id`, `updated_at`) VALUES ('2011-08-29 20:06:52', 'Province FR BODY3 S1', 3, '2011-08-29 20:06:52')
  [1m[36mSQL (0.2ms)[0m  [1mINSERT INTO `elements` (`content`, `created_at`, `element_type_id`, `note`, `updated_at`) VALUES ('En tant que chef de file de l\'industrie, Sikkens se fait un devoir de créer des teintures durables des plus performantes.', '2011-08-29 20:06:52', 1848, '1-Stain', '2011-08-29 20:06:52')[0m
  [1m[35m (1.0ms)[0m  COMMIT
  [1m[36m (0.1ms)[0m  [1mBEGIN[0m
  [1m[35m (0.5ms)[0m  SELECT COUNT(*) FROM `element_types` WHERE (site_id = 3 AND name = 'Province FR BODY3 S2')
  [1m[36mSQL (0.2ms)[0m  [1mINSERT INTO `element_types` (`created_at`, `name`, `site_id`, `updated_at`) VALUES ('2011-08-29 20:06:52', 'Province FR BODY3 S2', 3, '2011-08-29 20:06:52')[0m
  [1m[35mSQL (0.2ms)[0m  INSERT INTO `elements` (`content`, `created_at`, `element_type_id`, `note`, `updated_at`) VALUES ('Nos revêtements à base d\'alkyde/huile à haute teneur en solides, rencontrent tous rigoureusement les exigences COV (composé organique volatil).', '2011-08-29 20:06:52', 1849, '1-Stain', '2011-08-29 20:06:52')
  [1m[36m (0.6ms)[0m  [1mCOMMIT[0m
  [1m[35m (0.1ms)[0m  BEGIN
  [1m[36m (0.3ms)[0m  [1mSELECT COUNT(*) FROM `element_types` WHERE (site_id = 3 AND name = 'Province FR BODY3 S3')[0m
  [1m[35mSQL (0.2ms)[0m  INSERT INTO `element_types` (`created_at`, `name`, `site_id`, `updated_at`) VALUES ('2011-08-29 20:06:52', 'Province FR BODY3 S3', 3, '2011-08-29 20:06:52')
  [1m[36mSQL (0.1ms)[0m  [1mINSERT INTO `elements` (`content`, `created_at`, `element_type_id`, `note`, `updated_at`) VALUES ('En outre, ces alkydes sont conçus à base d\'huile de plante renouvelable, telle la graine de lin et de soya, et assurent un niveau de protection optimal pour les surfaces faites en bois.', '2011-08-29 20:06:52', 1850, '1-Stain', '2011-08-29 20:06:52')[0m
  [1m[35m (0.5ms)[0m  COMMIT
  [1m[36m (0.1ms)[0m  [1mBEGIN[0m
  [1m[35m (0.4ms)[0m  SELECT COUNT(*) FROM `element_types` WHERE (site_id = 3 AND name = 'Province FR LIST HEADER1')
  [1m[36mSQL (0.2ms)[0m  [1mINSERT INTO `element_types` (`created_at`, `name`, `site_id`, `updated_at`) VALUES ('2011-08-29 20:06:52', 'Province FR LIST HEADER1', 3, '2011-08-29 20:06:52')[0m
  [1m[35mSQL (0.2ms)[0m  INSERT INTO `elements` (`content`, `created_at`, `element_type_id`, `note`, `updated_at`) VALUES ('Voici quelques-uns des bienfaits des produits Sikkens à base de solvant pour vos projets extérieurs :', '2011-08-29 20:06:52', 1851, '1-Stain', '2011-08-29 20:06:52')
  [1m[36m (0.6ms)[0m  [1mCOMMIT[0m
  [1m[35m (0.1ms)[0m  BEGIN
  [1m[36m (0.3ms)[0m  [1mSELECT COUNT(*) FROM `element_types` WHERE (site_id = 3 AND name = 'Province FR LIST1')[0m
  [1m[35mSQL (0.2ms)[0m  INSERT INTO `element_types` (`created_at`, `name`, `site_id`, `updated_at`) VALUES ('2011-08-29 20:06:52', 'Province FR LIST1', 3, '2011-08-29 20:06:52')
  [1m[36mSQL (0.2ms)[0m  [1mINSERT INTO `elements` (`content`, `created_at`, `element_type_id`, `note`, `updated_at`) VALUES ('<ul><li>Pénètrent profondément dans le bois</li><li>Offrent une protection plus durable</li><li>Hydrofuge</li><li>Assurent une excellente rétention de la couleur</li><li>Rencontrent les exigences COV canadiennes</li></ul>', '2011-08-29 20:06:52', 1852, '1-Stain', '2011-08-29 20:06:52')[0m
  [1m[35m (0.6ms)[0m  COMMIT
  [1m[36m (0.1ms)[0m  [1mBEGIN[0m
  [1m[35m (0.3ms)[0m  SELECT COUNT(*) FROM `element_types` WHERE (site_id = 3 AND name = 'Province FR TITLE1')
  [1m[36mSQL (0.2ms)[0m  [1mINSERT INTO `element_types` (`created_at`, `name`, `site_id`, `updated_at`) VALUES ('2011-08-29 20:06:52', 'Province FR TITLE1', 3, '2011-08-29 20:06:52')[0m
  [1m[35mSQL (0.1ms)[0m  INSERT INTO `elements` (`content`, `created_at`, `element_type_id`, `note`, `updated_at`) VALUES ('La teinture Sikkens au Québec', '2011-08-29 20:06:52', 1853, '1-Stain', '2011-08-29 20:06:52')
  [1m[36m (0.6ms)[0m  [1mCOMMIT[0m
  [1m[35m (0.1ms)[0m  BEGIN
  [1m[36m (0.3ms)[0m  [1mSELECT COUNT(*) FROM `element_types` WHERE (site_id = 3 AND name = 'Province FR DESCRIPTION1 S1')[0m
  [1m[35mSQL (0.2ms)[0m  INSERT INTO `element_types` (`created_at`, `name`, `site_id`, `updated_at`) VALUES ('2011-08-29 20:06:52', 'Province FR DESCRIPTION1 S1', 3, '2011-08-29 20:06:52')
  [1m[36mSQL (0.1ms)[0m  [1mINSERT INTO `elements` (`content`, `created_at`, `element_type_id`, `note`, `updated_at`) VALUES ('Choisissez la teinture #1 au Québec pour vos projets extérieurs incluant terrasses, portes, fenêtres, revêtement etc.* Visitez-nous aujourd\'hui!', '2011-08-29 20:06:52', 1854, '1-Stain', '2011-08-29 20:06:52')[0m
  [1m[35m (0.6ms)[0m  COMMIT
Redirected to http://localhost:3000/sites/3
Completed 302 Found in 710ms


Started GET "/sites/3" for 127.0.0.1 at 2011-08-29 16:06:52 -0400
  Processing by SitesController#show as HTML
  Parameters: {"id"=>"3"}
  [1m[36mSite Load (0.3ms)[0m  [1mSELECT `sites`.* FROM `sites` WHERE `sites`.`id` = 3 LIMIT 1[0m
  [1m[35m (0.4ms)[0m  SELECT COUNT(*) FROM `element_types` WHERE `element_types`.`site_id` = 3
  [1m[36m (0.3ms)[0m  [1mSELECT COUNT(*) FROM `documents` WHERE `documents`.`site_id` = 3[0m
  [1m[35mDocument Load (0.5ms)[0m  SELECT `documents`.* FROM `documents` WHERE `documents`.`site_id` = 3
Rendered sites/show.html.haml within layouts/application (118.8ms)
Completed 200 OK in 131ms (Views: 120.9ms | ActiveRecord: 8.0ms)


Started GET "/assets/application.js" for 127.0.0.1 at 2011-08-29 16:06:52 -0400
Served asset /application.js - 304 Not Modified (0ms)


Started GET "/assets/application.css" for 127.0.0.1 at 2011-08-29 16:06:52 -0400
Served asset /application.css - 304 Not Modified (1ms)


Started GET "/sites/3/element_types" for 127.0.0.1 at 2011-08-29 16:06:53 -0400
  Processing by ElementTypesController#index as HTML
  Parameters: {"site_id"=>"3"}
  [1m[36mSite Load (0.3ms)[0m  [1mSELECT `sites`.* FROM `sites` WHERE `sites`.`id` = 3 LIMIT 1[0m
  [1m[35mElementType Load (0.5ms)[0m  SELECT `element_types`.* FROM `element_types` WHERE `element_types`.`site_id` = 3 LIMIT 1
  [1m[36mElementType Load (1.5ms)[0m  [1mSELECT `element_types`.* FROM `element_types` WHERE `element_types`.`site_id` = 3[0m
Rendered element_types/index.html.haml within layouts/application (35.1ms)
Completed 200 OK in 129ms (Views: 40.2ms | ActiveRecord: 7.6ms)


Started GET "/assets/jquery-ui-1.8.15.custom.css" for 127.0.0.1 at 2011-08-29 16:06:53 -0400
Served asset /jquery-ui-1.8.15.custom.css - 304 Not Modified (0ms)


Started GET "/assets/jquery-ui-1.8.15.custom.min.js" for 127.0.0.1 at 2011-08-29 16:06:53 -0400
Served asset /jquery-ui-1.8.15.custom.min.js - 304 Not Modified (0ms)


Started GET "/assets/application.js" for 127.0.0.1 at 2011-08-29 16:06:53 -0400
Served asset /application.js - 304 Not Modified (0ms)


Started GET "/assets/application.css" for 127.0.0.1 at 2011-08-29 16:06:54 -0400
Served asset /application.css - 304 Not Modified (0ms)


Started GET "/assets/element_types.js.coffee" for 127.0.0.1 at 2011-08-29 16:06:54 -0400
Served asset /element_types.js.coffee - 304 Not Modified (0ms)


Started GET "/sites/3/element_types/1827" for 127.0.0.1 at 2011-08-29 16:06:57 -0400
  Processing by ElementTypesController#show as HTML
  Parameters: {"site_id"=>"3", "id"=>"1827"}
  [1m[35mSite Load (0.3ms)[0m  SELECT `sites`.* FROM `sites` WHERE `sites`.`id` = 3 LIMIT 1
  [1m[36mElementType Load (0.4ms)[0m  [1mSELECT `element_types`.* FROM `element_types` WHERE `element_types`.`id` = 1827 LIMIT 1[0m
  [1m[35mElement Load (0.9ms)[0m  SELECT `elements`.* FROM `elements` WHERE `elements`.`element_type_id` = 1827
Rendered element_types/show.html.haml within layouts/application (36.2ms)
Completed 200 OK in 72ms (Views: 40.7ms | ActiveRecord: 9.3ms)


Started GET "/assets/application.css" for 127.0.0.1 at 2011-08-29 16:06:57 -0400
Served asset /application.css - 304 Not Modified (0ms)


Started GET "/assets/application.js" for 127.0.0.1 at 2011-08-29 16:06:57 -0400
Served asset /application.js - 304 Not Modified (0ms)
